{"/Users/vincentboillotdevalliere/Documents/edge-og/packages/next-plugin/src/index.ts": {"path":"/Users/vincentboillotdevalliere/Documents/edge-og/packages/next-plugin/src/index.ts","all":false,"statementMap":{"19":{"start":{"line":20,"column":0},"end":{"line":20,"column":80}},"20":{"start":{"line":21,"column":0},"end":{"line":21,"column":58}},"24":{"start":{"line":25,"column":0},"end":{"line":25,"column":58}},"25":{"start":{"line":26,"column":0},"end":{"line":26,"column":41}},"26":{"start":{"line":27,"column":0},"end":{"line":27,"column":39}},"27":{"start":{"line":28,"column":0},"end":{"line":28,"column":3}},"28":{"start":{"line":29,"column":0},"end":{"line":29,"column":46}},"31":{"start":{"line":32,"column":0},"end":{"line":32,"column":46}},"32":{"start":{"line":33,"column":0},"end":{"line":33,"column":41}},"33":{"start":{"line":34,"column":0},"end":{"line":34,"column":93}},"34":{"start":{"line":35,"column":0},"end":{"line":35,"column":12}},"35":{"start":{"line":36,"column":0},"end":{"line":36,"column":14}},"36":{"start":{"line":37,"column":0},"end":{"line":37,"column":7}},"37":{"start":{"line":38,"column":0},"end":{"line":38,"column":29}},"38":{"start":{"line":39,"column":0},"end":{"line":39,"column":18}},"39":{"start":{"line":40,"column":0},"end":{"line":40,"column":81}},"40":{"start":{"line":41,"column":0},"end":{"line":41,"column":10}},"41":{"start":{"line":42,"column":0},"end":{"line":42,"column":8}},"42":{"start":{"line":43,"column":0},"end":{"line":43,"column":6}},"43":{"start":{"line":44,"column":0},"end":{"line":44,"column":4}},"46":{"start":{"line":47,"column":0},"end":{"line":47,"column":40}},"47":{"start":{"line":48,"column":0},"end":{"line":48,"column":43}},"48":{"start":{"line":49,"column":0},"end":{"line":49,"column":105}},"49":{"start":{"line":50,"column":0},"end":{"line":50,"column":45}},"50":{"start":{"line":51,"column":0},"end":{"line":51,"column":3}},"51":{"start":{"line":52,"column":0},"end":{"line":52,"column":28}},"53":{"start":{"line":54,"column":0},"end":{"line":54,"column":16}},"54":{"start":{"line":55,"column":0},"end":{"line":55,"column":1}}},"s":{"19":1,"20":4,"24":4,"25":4,"26":3,"27":3,"28":4,"31":4,"32":4,"33":1,"34":1,"35":1,"36":1,"37":1,"38":1,"39":1,"40":1,"41":1,"42":1,"43":1,"46":4,"47":4,"48":4,"49":4,"50":4,"51":4,"53":4,"54":4},"branchMap":{"0":{"type":"branch","line":20,"loc":{"start":{"line":20,"column":7},"end":{"line":55,"column":1}},"locations":[{"start":{"line":20,"column":7},"end":{"line":55,"column":1}}]},"1":{"type":"branch","line":25,"loc":{"start":{"line":25,"column":39},"end":{"line":25,"column":58}},"locations":[{"start":{"line":25,"column":39},"end":{"line":25,"column":58}}]},"2":{"type":"branch","line":26,"loc":{"start":{"line":26,"column":40},"end":{"line":28,"column":3}},"locations":[{"start":{"line":26,"column":40},"end":{"line":28,"column":3}}]},"3":{"type":"branch","line":33,"loc":{"start":{"line":33,"column":28},"end":{"line":44,"column":4}},"locations":[{"start":{"line":33,"column":28},"end":{"line":44,"column":4}}]},"4":{"type":"branch","line":34,"loc":{"start":{"line":34,"column":71},"end":{"line":34,"column":93}},"locations":[{"start":{"line":34,"column":71},"end":{"line":34,"column":93}}]}},"b":{"0":[4],"1":[3],"2":[3],"3":[1],"4":[0]},"fnMap":{"0":{"name":"withOG","decl":{"start":{"line":20,"column":7},"end":{"line":55,"column":1}},"loc":{"start":{"line":20,"column":7},"end":{"line":55,"column":1}},"line":20},"1":{"name":"config.headers","decl":{"start":{"line":33,"column":28},"end":{"line":44,"column":4}},"loc":{"start":{"line":33,"column":28},"end":{"line":44,"column":4}},"line":33}},"f":{"0":4,"1":1}}
}
